2025-07-18 22:06:15,229 - app.core.database - INFO - Firebase initialized with service account file for project: project-raseed-5b28e
2025-07-18 22:06:15,307 - watchfiles.main - DEBUG - 2 changes detected: {(<Change.added: 1>, '/home/tharanies/Documents/personal/project-raseed/raseed-backend/__pycache__'), (<Change.modified: 2>, '/home/tharanies/Documents/personal/project-raseed/raseed-backend/app.log')}
2025-07-18 22:06:15,658 - watchfiles.main - DEBUG - 1 change detected: {(<Change.modified: 2>, '/home/tharanies/Documents/personal/project-raseed/raseed-backend/app.log')}
2025-07-18 22:06:16,009 - watchfiles.main - DEBUG - 1 change detected: {(<Change.modified: 2>, '/home/tharanies/Documents/personal/project-raseed/raseed-backend/app.log')}
2025-07-18 22:06:16,360 - watchfiles.main - DEBUG - 1 change detected: {(<Change.modified: 2>, '/home/tharanies/Documents/personal/project-raseed/raseed-backend/app.log')}
2025-07-18 22:06:16,711 - watchfiles.main - DEBUG - 1 change detected: {(<Change.modified: 2>, '/home/tharanies/Documents/personal/project-raseed/raseed-backend/app.log')}
2025-07-18 22:06:17,061 - watchfiles.main - DEBUG - 1 change detected: {(<Change.modified: 2>, '/home/tharanies/Documents/personal/project-raseed/raseed-backend/app.log')}
2025-07-18 22:06:17,412 - watchfiles.main - DEBUG - 1 change detected: {(<Change.modified: 2>, '/home/tharanies/Documents/personal/project-raseed/raseed-backend/app.log')}
2025-07-18 22:06:17,763 - watchfiles.main - DEBUG - 1 change detected: {(<Change.modified: 2>, '/home/tharanies/Documents/personal/project-raseed/raseed-backend/app.log')}
2025-07-18 22:06:18,114 - watchfiles.main - DEBUG - 1 change detected: {(<Change.modified: 2>, '/home/tharanies/Documents/personal/project-raseed/raseed-backend/app.log')}
2025-07-18 22:06:18,465 - watchfiles.main - DEBUG - 1 change detected: {(<Change.modified: 2>, '/home/tharanies/Documents/personal/project-raseed/raseed-backend/app.log')}
2025-07-18 22:06:18,816 - watchfiles.main - DEBUG - 1 change detected: {(<Change.modified: 2>, '/home/tharanies/Documents/personal/project-raseed/raseed-backend/app.log')}
2025-07-18 22:06:19,167 - watchfiles.main - DEBUG - 1 change detected: {(<Change.modified: 2>, '/home/tharanies/Documents/personal/project-raseed/raseed-backend/app.log')}
2025-07-18 22:06:19,518 - watchfiles.main - DEBUG - 1 change detected: {(<Change.modified: 2>, '/home/tharanies/Documents/personal/project-raseed/raseed-backend/app.log')}
2025-07-18 22:06:19,869 - watchfiles.main - DEBUG - 1 change detected: {(<Change.modified: 2>, '/home/tharanies/Documents/personal/project-raseed/raseed-backend/app.log')}
2025-07-18 22:06:20,220 - watchfiles.main - DEBUG - 1 change detected: {(<Change.modified: 2>, '/home/tharanies/Documents/personal/project-raseed/raseed-backend/app.log')}
2025-07-18 22:06:20,571 - watchfiles.main - DEBUG - 1 change detected: {(<Change.modified: 2>, '/home/tharanies/Documents/personal/project-raseed/raseed-backend/app.log')}
2025-07-18 22:06:20,922 - watchfiles.main - DEBUG - 1 change detected: {(<Change.modified: 2>, '/home/tharanies/Documents/personal/project-raseed/raseed-backend/app.log')}
2025-07-18 22:06:21,272 - watchfiles.main - DEBUG - 1 change detected: {(<Change.modified: 2>, '/home/tharanies/Documents/personal/project-raseed/raseed-backend/app.log')}
2025-07-18 22:06:21,623 - watchfiles.main - DEBUG - 1 change detected: {(<Change.modified: 2>, '/home/tharanies/Documents/personal/project-raseed/raseed-backend/app.log')}
2025-07-18 22:06:21,974 - watchfiles.main - DEBUG - 1 change detected: {(<Change.modified: 2>, '/home/tharanies/Documents/personal/project-raseed/raseed-backend/app.log')}
2025-07-18 22:06:22,324 - watchfiles.main - DEBUG - 1 change detected: {(<Change.modified: 2>, '/home/tharanies/Documents/personal/project-raseed/raseed-backend/app.log')}
2025-07-18 22:06:22,675 - watchfiles.main - DEBUG - 1 change detected: {(<Change.modified: 2>, '/home/tharanies/Documents/personal/project-raseed/raseed-backend/app.log')}
2025-07-18 22:06:23,026 - watchfiles.main - DEBUG - 1 change detected: {(<Change.modified: 2>, '/home/tharanies/Documents/personal/project-raseed/raseed-backend/app.log')}
2025-07-18 22:06:23,377 - watchfiles.main - DEBUG - 1 change detected: {(<Change.modified: 2>, '/home/tharanies/Documents/personal/project-raseed/raseed-backend/app.log')}
2025-07-18 22:06:23,728 - watchfiles.main - DEBUG - 1 change detected: {(<Change.modified: 2>, '/home/tharanies/Documents/personal/project-raseed/raseed-backend/app.log')}
2025-07-18 22:06:24,078 - watchfiles.main - DEBUG - 1 change detected: {(<Change.modified: 2>, '/home/tharanies/Documents/personal/project-raseed/raseed-backend/app.log')}
2025-07-18 22:06:24,429 - watchfiles.main - DEBUG - 1 change detected: {(<Change.modified: 2>, '/home/tharanies/Documents/personal/project-raseed/raseed-backend/app.log')}
2025-07-18 22:06:24,780 - watchfiles.main - DEBUG - 1 change detected: {(<Change.modified: 2>, '/home/tharanies/Documents/personal/project-raseed/raseed-backend/app.log')}
2025-07-18 22:06:25,131 - watchfiles.main - DEBUG - 1 change detected: {(<Change.modified: 2>, '/home/tharanies/Documents/personal/project-raseed/raseed-backend/app.log')}
2025-07-18 22:06:25,481 - watchfiles.main - DEBUG - 1 change detected: {(<Change.modified: 2>, '/home/tharanies/Documents/personal/project-raseed/raseed-backend/app.log')}
2025-07-18 22:06:25,832 - watchfiles.main - DEBUG - 1 change detected: {(<Change.modified: 2>, '/home/tharanies/Documents/personal/project-raseed/raseed-backend/app.log')}
2025-07-18 22:06:26,183 - watchfiles.main - DEBUG - 1 change detected: {(<Change.modified: 2>, '/home/tharanies/Documents/personal/project-raseed/raseed-backend/app.log')}
2025-07-18 22:06:26,533 - watchfiles.main - DEBUG - 1 change detected: {(<Change.modified: 2>, '/home/tharanies/Documents/personal/project-raseed/raseed-backend/app.log')}
2025-07-18 22:06:26,884 - watchfiles.main - DEBUG - 1 change detected: {(<Change.modified: 2>, '/home/tharanies/Documents/personal/project-raseed/raseed-backend/app.log')}
2025-07-18 22:06:27,235 - watchfiles.main - DEBUG - 1 change detected: {(<Change.modified: 2>, '/home/tharanies/Documents/personal/project-raseed/raseed-backend/app.log')}
2025-07-18 22:06:27,586 - watchfiles.main - DEBUG - 1 change detected: {(<Change.modified: 2>, '/home/tharanies/Documents/personal/project-raseed/raseed-backend/app.log')}
2025-07-18 22:06:27,937 - watchfiles.main - DEBUG - 1 change detected: {(<Change.modified: 2>, '/home/tharanies/Documents/personal/project-raseed/raseed-backend/app.log')}
2025-07-18 22:06:28,288 - watchfiles.main - DEBUG - 1 change detected: {(<Change.modified: 2>, '/home/tharanies/Documents/personal/project-raseed/raseed-backend/app.log')}
2025-07-18 22:06:28,639 - watchfiles.main - DEBUG - 1 change detected: {(<Change.modified: 2>, '/home/tharanies/Documents/personal/project-raseed/raseed-backend/app.log')}
2025-07-18 22:06:28,990 - watchfiles.main - DEBUG - 1 change detected: {(<Change.modified: 2>, '/home/tharanies/Documents/personal/project-raseed/raseed-backend/app.log')}
2025-07-18 22:06:29,341 - watchfiles.main - DEBUG - 1 change detected: {(<Change.modified: 2>, '/home/tharanies/Documents/personal/project-raseed/raseed-backend/app.log')}
2025-07-18 22:06:29,692 - watchfiles.main - DEBUG - 1 change detected: {(<Change.modified: 2>, '/home/tharanies/Documents/personal/project-raseed/raseed-backend/app.log')}
2025-07-18 22:06:30,043 - watchfiles.main - DEBUG - 1 change detected: {(<Change.modified: 2>, '/home/tharanies/Documents/personal/project-raseed/raseed-backend/app.log')}
2025-07-18 22:06:30,394 - watchfiles.main - DEBUG - 1 change detected: {(<Change.modified: 2>, '/home/tharanies/Documents/personal/project-raseed/raseed-backend/app.log')}
2025-07-18 22:06:30,744 - watchfiles.main - DEBUG - 1 change detected: {(<Change.modified: 2>, '/home/tharanies/Documents/personal/project-raseed/raseed-backend/app.log')}
2025-07-18 22:06:31,095 - watchfiles.main - DEBUG - 1 change detected: {(<Change.modified: 2>, '/home/tharanies/Documents/personal/project-raseed/raseed-backend/app.log')}
2025-07-18 22:06:31,446 - watchfiles.main - DEBUG - 1 change detected: {(<Change.modified: 2>, '/home/tharanies/Documents/personal/project-raseed/raseed-backend/app.log')}
2025-07-18 22:06:31,796 - watchfiles.main - DEBUG - 1 change detected: {(<Change.modified: 2>, '/home/tharanies/Documents/personal/project-raseed/raseed-backend/app.log')}
2025-07-18 22:06:32,147 - watchfiles.main - DEBUG - 1 change detected: {(<Change.modified: 2>, '/home/tharanies/Documents/personal/project-raseed/raseed-backend/app.log')}
2025-07-18 22:06:32,498 - watchfiles.main - DEBUG - 1 change detected: {(<Change.modified: 2>, '/home/tharanies/Documents/personal/project-raseed/raseed-backend/app.log')}
2025-07-18 22:06:32,849 - watchfiles.main - DEBUG - 1 change detected: {(<Change.modified: 2>, '/home/tharanies/Documents/personal/project-raseed/raseed-backend/app.log')}
2025-07-18 22:06:33,199 - watchfiles.main - DEBUG - 1 change detected: {(<Change.modified: 2>, '/home/tharanies/Documents/personal/project-raseed/raseed-backend/app.log')}
2025-07-18 22:06:33,550 - watchfiles.main - DEBUG - 1 change detected: {(<Change.modified: 2>, '/home/tharanies/Documents/personal/project-raseed/raseed-backend/app.log')}
2025-07-18 22:06:33,901 - watchfiles.main - DEBUG - 1 change detected: {(<Change.modified: 2>, '/home/tharanies/Documents/personal/project-raseed/raseed-backend/app.log')}
2025-07-18 22:06:34,251 - watchfiles.main - DEBUG - 1 change detected: {(<Change.modified: 2>, '/home/tharanies/Documents/personal/project-raseed/raseed-backend/app.log')}
2025-07-18 22:06:34,602 - watchfiles.main - DEBUG - 1 change detected: {(<Change.modified: 2>, '/home/tharanies/Documents/personal/project-raseed/raseed-backend/app.log')}
2025-07-18 22:06:34,953 - watchfiles.main - DEBUG - 1 change detected: {(<Change.modified: 2>, '/home/tharanies/Documents/personal/project-raseed/raseed-backend/app.log')}
2025-07-18 22:06:35,304 - watchfiles.main - DEBUG - 1 change detected: {(<Change.modified: 2>, '/home/tharanies/Documents/personal/project-raseed/raseed-backend/app.log')}
2025-07-18 22:06:35,654 - watchfiles.main - DEBUG - 1 change detected: {(<Change.modified: 2>, '/home/tharanies/Documents/personal/project-raseed/raseed-backend/app.log')}
2025-07-18 22:06:36,005 - watchfiles.main - DEBUG - 1 change detected: {(<Change.modified: 2>, '/home/tharanies/Documents/personal/project-raseed/raseed-backend/app.log')}
2025-07-18 22:06:36,356 - watchfiles.main - DEBUG - 1 change detected: {(<Change.modified: 2>, '/home/tharanies/Documents/personal/project-raseed/raseed-backend/app.log')}
2025-07-18 22:06:36,707 - watchfiles.main - DEBUG - 1 change detected: {(<Change.modified: 2>, '/home/tharanies/Documents/personal/project-raseed/raseed-backend/app.log')}
2025-07-18 22:06:37,058 - watchfiles.main - DEBUG - 1 change detected: {(<Change.modified: 2>, '/home/tharanies/Documents/personal/project-raseed/raseed-backend/app.log')}
2025-07-18 22:06:37,409 - watchfiles.main - DEBUG - 1 change detected: {(<Change.modified: 2>, '/home/tharanies/Documents/personal/project-raseed/raseed-backend/app.log')}
2025-07-18 22:06:37,759 - watchfiles.main - DEBUG - 1 change detected: {(<Change.modified: 2>, '/home/tharanies/Documents/personal/project-raseed/raseed-backend/app.log')}
2025-07-18 22:06:38,110 - watchfiles.main - DEBUG - 1 change detected: {(<Change.modified: 2>, '/home/tharanies/Documents/personal/project-raseed/raseed-backend/app.log')}
2025-07-18 22:06:38,461 - watchfiles.main - DEBUG - 1 change detected: {(<Change.modified: 2>, '/home/tharanies/Documents/personal/project-raseed/raseed-backend/app.log')}
2025-07-18 22:06:38,812 - watchfiles.main - DEBUG - 1 change detected: {(<Change.modified: 2>, '/home/tharanies/Documents/personal/project-raseed/raseed-backend/app.log')}
2025-07-18 22:06:39,162 - watchfiles.main - DEBUG - 1 change detected: {(<Change.modified: 2>, '/home/tharanies/Documents/personal/project-raseed/raseed-backend/app.log')}
2025-07-18 22:06:39,513 - watchfiles.main - DEBUG - 1 change detected: {(<Change.modified: 2>, '/home/tharanies/Documents/personal/project-raseed/raseed-backend/app.log')}
2025-07-18 22:06:39,864 - watchfiles.main - DEBUG - 1 change detected: {(<Change.modified: 2>, '/home/tharanies/Documents/personal/project-raseed/raseed-backend/app.log')}
2025-07-18 22:06:40,214 - watchfiles.main - DEBUG - 1 change detected: {(<Change.modified: 2>, '/home/tharanies/Documents/personal/project-raseed/raseed-backend/app.log')}
2025-07-18 22:06:40,565 - watchfiles.main - DEBUG - 1 change detected: {(<Change.modified: 2>, '/home/tharanies/Documents/personal/project-raseed/raseed-backend/app.log')}
2025-07-18 22:06:40,916 - watchfiles.main - DEBUG - 1 change detected: {(<Change.modified: 2>, '/home/tharanies/Documents/personal/project-raseed/raseed-backend/app.log')}
2025-07-18 22:06:41,266 - watchfiles.main - DEBUG - 1 change detected: {(<Change.modified: 2>, '/home/tharanies/Documents/personal/project-raseed/raseed-backend/app.log')}
2025-07-18 22:06:41,617 - watchfiles.main - DEBUG - 1 change detected: {(<Change.modified: 2>, '/home/tharanies/Documents/personal/project-raseed/raseed-backend/app.log')}
2025-07-18 22:06:41,968 - watchfiles.main - DEBUG - 1 change detected: {(<Change.modified: 2>, '/home/tharanies/Documents/personal/project-raseed/raseed-backend/app.log')}
2025-07-18 22:06:42,318 - watchfiles.main - DEBUG - 1 change detected: {(<Change.modified: 2>, '/home/tharanies/Documents/personal/project-raseed/raseed-backend/app.log')}
2025-07-18 22:06:42,669 - watchfiles.main - DEBUG - 1 change detected: {(<Change.modified: 2>, '/home/tharanies/Documents/personal/project-raseed/raseed-backend/app.log')}
2025-07-18 22:06:43,020 - watchfiles.main - DEBUG - 1 change detected: {(<Change.modified: 2>, '/home/tharanies/Documents/personal/project-raseed/raseed-backend/app.log')}
2025-07-18 22:06:43,370 - watchfiles.main - DEBUG - 1 change detected: {(<Change.modified: 2>, '/home/tharanies/Documents/personal/project-raseed/raseed-backend/app.log')}
2025-07-18 22:06:43,721 - watchfiles.main - DEBUG - 1 change detected: {(<Change.modified: 2>, '/home/tharanies/Documents/personal/project-raseed/raseed-backend/app.log')}
2025-07-18 22:06:44,071 - watchfiles.main - DEBUG - 1 change detected: {(<Change.modified: 2>, '/home/tharanies/Documents/personal/project-raseed/raseed-backend/app.log')}
2025-07-18 22:06:44,422 - watchfiles.main - DEBUG - 1 change detected: {(<Change.modified: 2>, '/home/tharanies/Documents/personal/project-raseed/raseed-backend/app.log')}
2025-07-18 22:06:44,773 - watchfiles.main - DEBUG - 1 change detected: {(<Change.modified: 2>, '/home/tharanies/Documents/personal/project-raseed/raseed-backend/app.log')}
2025-07-18 22:06:45,124 - watchfiles.main - DEBUG - 1 change detected: {(<Change.modified: 2>, '/home/tharanies/Documents/personal/project-raseed/raseed-backend/app.log')}
2025-07-18 22:06:45,475 - watchfiles.main - DEBUG - 1 change detected: {(<Change.modified: 2>, '/home/tharanies/Documents/personal/project-raseed/raseed-backend/app.log')}
2025-07-18 22:06:45,826 - watchfiles.main - DEBUG - 1 change detected: {(<Change.modified: 2>, '/home/tharanies/Documents/personal/project-raseed/raseed-backend/app.log')}
2025-07-18 22:06:46,176 - watchfiles.main - DEBUG - 1 change detected: {(<Change.modified: 2>, '/home/tharanies/Documents/personal/project-raseed/raseed-backend/app.log')}
2025-07-18 22:06:46,527 - watchfiles.main - DEBUG - 1 change detected: {(<Change.modified: 2>, '/home/tharanies/Documents/personal/project-raseed/raseed-backend/app.log')}
2025-07-18 22:06:46,878 - watchfiles.main - DEBUG - 1 change detected: {(<Change.modified: 2>, '/home/tharanies/Documents/personal/project-raseed/raseed-backend/app.log')}
2025-07-18 22:06:47,228 - watchfiles.main - DEBUG - 1 change detected: {(<Change.modified: 2>, '/home/tharanies/Documents/personal/project-raseed/raseed-backend/app.log')}
2025-07-18 22:06:47,579 - watchfiles.main - DEBUG - 1 change detected: {(<Change.modified: 2>, '/home/tharanies/Documents/personal/project-raseed/raseed-backend/app.log')}
2025-07-18 22:07:03,224 - app.core.database - INFO - Firebase initialized with service account file for project: project-raseed-5b28e
2025-07-18 22:07:03,309 - watchfiles.main - DEBUG - 1 change detected: {(<Change.modified: 2>, '/home/tharanies/Documents/personal/project-raseed/raseed-backend/app.log')}
2025-07-18 22:07:03,660 - watchfiles.main - DEBUG - 1 change detected: {(<Change.modified: 2>, '/home/tharanies/Documents/personal/project-raseed/raseed-backend/app.log')}
2025-07-18 22:07:04,012 - watchfiles.main - DEBUG - 1 change detected: {(<Change.modified: 2>, '/home/tharanies/Documents/personal/project-raseed/raseed-backend/app.log')}
2025-07-18 22:07:04,363 - watchfiles.main - DEBUG - 1 change detected: {(<Change.modified: 2>, '/home/tharanies/Documents/personal/project-raseed/raseed-backend/app.log')}
2025-07-18 22:07:04,714 - watchfiles.main - DEBUG - 1 change detected: {(<Change.modified: 2>, '/home/tharanies/Documents/personal/project-raseed/raseed-backend/app.log')}
2025-07-18 22:07:05,064 - watchfiles.main - DEBUG - 1 change detected: {(<Change.modified: 2>, '/home/tharanies/Documents/personal/project-raseed/raseed-backend/app.log')}
2025-07-18 22:07:05,415 - watchfiles.main - DEBUG - 1 change detected: {(<Change.modified: 2>, '/home/tharanies/Documents/personal/project-raseed/raseed-backend/app.log')}
2025-07-18 22:07:05,765 - watchfiles.main - DEBUG - 1 change detected: {(<Change.modified: 2>, '/home/tharanies/Documents/personal/project-raseed/raseed-backend/app.log')}
2025-07-18 22:07:06,116 - watchfiles.main - DEBUG - 1 change detected: {(<Change.modified: 2>, '/home/tharanies/Documents/personal/project-raseed/raseed-backend/app.log')}
2025-07-18 22:07:06,467 - watchfiles.main - DEBUG - 1 change detected: {(<Change.modified: 2>, '/home/tharanies/Documents/personal/project-raseed/raseed-backend/app.log')}
2025-07-18 22:07:06,818 - watchfiles.main - DEBUG - 1 change detected: {(<Change.modified: 2>, '/home/tharanies/Documents/personal/project-raseed/raseed-backend/app.log')}
2025-07-18 22:07:07,169 - watchfiles.main - DEBUG - 1 change detected: {(<Change.modified: 2>, '/home/tharanies/Documents/personal/project-raseed/raseed-backend/app.log')}
2025-07-18 22:07:13,873 - app.core.database - INFO - Firebase initialized with service account file for project: project-raseed-5b28e
2025-07-18 22:07:13,933 - watchfiles.main - DEBUG - 1 change detected: {(<Change.modified: 2>, '/home/tharanies/Documents/personal/project-raseed/raseed-backend/app.log')}
2025-07-18 22:07:14,285 - watchfiles.main - DEBUG - 1 change detected: {(<Change.modified: 2>, '/home/tharanies/Documents/personal/project-raseed/raseed-backend/app.log')}
2025-07-18 22:07:14,636 - watchfiles.main - DEBUG - 1 change detected: {(<Change.modified: 2>, '/home/tharanies/Documents/personal/project-raseed/raseed-backend/app.log')}
2025-07-18 22:07:14,987 - watchfiles.main - DEBUG - 1 change detected: {(<Change.modified: 2>, '/home/tharanies/Documents/personal/project-raseed/raseed-backend/app.log')}
2025-07-18 22:07:15,338 - watchfiles.main - DEBUG - 1 change detected: {(<Change.modified: 2>, '/home/tharanies/Documents/personal/project-raseed/raseed-backend/app.log')}
2025-07-18 22:07:15,688 - watchfiles.main - DEBUG - 1 change detected: {(<Change.modified: 2>, '/home/tharanies/Documents/personal/project-raseed/raseed-backend/app.log')}
2025-07-18 22:07:16,039 - watchfiles.main - DEBUG - 1 change detected: {(<Change.modified: 2>, '/home/tharanies/Documents/personal/project-raseed/raseed-backend/app.log')}
2025-07-18 22:07:16,390 - watchfiles.main - DEBUG - 1 change detected: {(<Change.modified: 2>, '/home/tharanies/Documents/personal/project-raseed/raseed-backend/app.log')}
2025-07-18 22:07:16,741 - watchfiles.main - DEBUG - 1 change detected: {(<Change.modified: 2>, '/home/tharanies/Documents/personal/project-raseed/raseed-backend/app.log')}
2025-07-18 22:07:17,092 - watchfiles.main - DEBUG - 1 change detected: {(<Change.modified: 2>, '/home/tharanies/Documents/personal/project-raseed/raseed-backend/app.log')}
2025-07-18 22:07:17,443 - watchfiles.main - DEBUG - 1 change detected: {(<Change.modified: 2>, '/home/tharanies/Documents/personal/project-raseed/raseed-backend/app.log')}
2025-07-18 22:07:17,794 - watchfiles.main - DEBUG - 1 change detected: {(<Change.modified: 2>, '/home/tharanies/Documents/personal/project-raseed/raseed-backend/app.log')}
2025-07-18 22:07:18,145 - watchfiles.main - DEBUG - 1 change detected: {(<Change.modified: 2>, '/home/tharanies/Documents/personal/project-raseed/raseed-backend/app.log')}
2025-07-18 22:07:18,496 - watchfiles.main - DEBUG - 1 change detected: {(<Change.modified: 2>, '/home/tharanies/Documents/personal/project-raseed/raseed-backend/app.log')}
2025-07-18 22:07:18,847 - watchfiles.main - DEBUG - 1 change detected: {(<Change.modified: 2>, '/home/tharanies/Documents/personal/project-raseed/raseed-backend/app.log')}
2025-07-18 22:07:19,197 - watchfiles.main - DEBUG - 1 change detected: {(<Change.modified: 2>, '/home/tharanies/Documents/personal/project-raseed/raseed-backend/app.log')}
2025-07-18 22:07:19,548 - watchfiles.main - DEBUG - 1 change detected: {(<Change.modified: 2>, '/home/tharanies/Documents/personal/project-raseed/raseed-backend/app.log')}
2025-07-18 22:07:19,899 - watchfiles.main - DEBUG - 1 change detected: {(<Change.modified: 2>, '/home/tharanies/Documents/personal/project-raseed/raseed-backend/app.log')}
2025-07-18 22:07:20,249 - watchfiles.main - DEBUG - 1 change detected: {(<Change.modified: 2>, '/home/tharanies/Documents/personal/project-raseed/raseed-backend/app.log')}
2025-07-18 22:07:20,600 - watchfiles.main - DEBUG - 1 change detected: {(<Change.modified: 2>, '/home/tharanies/Documents/personal/project-raseed/raseed-backend/app.log')}
2025-07-18 22:07:20,951 - watchfiles.main - DEBUG - 1 change detected: {(<Change.modified: 2>, '/home/tharanies/Documents/personal/project-raseed/raseed-backend/app.log')}
2025-07-18 22:07:21,302 - watchfiles.main - DEBUG - 1 change detected: {(<Change.modified: 2>, '/home/tharanies/Documents/personal/project-raseed/raseed-backend/app.log')}
2025-07-18 22:07:21,653 - watchfiles.main - DEBUG - 1 change detected: {(<Change.modified: 2>, '/home/tharanies/Documents/personal/project-raseed/raseed-backend/app.log')}
2025-07-18 22:07:22,004 - watchfiles.main - DEBUG - 1 change detected: {(<Change.modified: 2>, '/home/tharanies/Documents/personal/project-raseed/raseed-backend/app.log')}
2025-07-18 22:07:22,355 - watchfiles.main - DEBUG - 1 change detected: {(<Change.modified: 2>, '/home/tharanies/Documents/personal/project-raseed/raseed-backend/app.log')}
2025-07-18 22:07:22,705 - watchfiles.main - DEBUG - 1 change detected: {(<Change.modified: 2>, '/home/tharanies/Documents/personal/project-raseed/raseed-backend/app.log')}
2025-07-18 22:07:23,056 - watchfiles.main - DEBUG - 1 change detected: {(<Change.modified: 2>, '/home/tharanies/Documents/personal/project-raseed/raseed-backend/app.log')}
2025-07-18 22:07:23,407 - watchfiles.main - DEBUG - 1 change detected: {(<Change.modified: 2>, '/home/tharanies/Documents/personal/project-raseed/raseed-backend/app.log')}
2025-07-18 22:07:23,758 - watchfiles.main - DEBUG - 1 change detected: {(<Change.modified: 2>, '/home/tharanies/Documents/personal/project-raseed/raseed-backend/app.log')}
2025-07-18 22:07:24,108 - watchfiles.main - DEBUG - 1 change detected: {(<Change.modified: 2>, '/home/tharanies/Documents/personal/project-raseed/raseed-backend/app.log')}
2025-07-18 22:07:24,459 - watchfiles.main - DEBUG - 1 change detected: {(<Change.modified: 2>, '/home/tharanies/Documents/personal/project-raseed/raseed-backend/app.log')}
2025-07-18 22:07:24,810 - watchfiles.main - DEBUG - 1 change detected: {(<Change.modified: 2>, '/home/tharanies/Documents/personal/project-raseed/raseed-backend/app.log')}
2025-07-18 22:07:25,161 - watchfiles.main - DEBUG - 1 change detected: {(<Change.modified: 2>, '/home/tharanies/Documents/personal/project-raseed/raseed-backend/app.log')}
2025-07-18 22:07:25,512 - watchfiles.main - DEBUG - 1 change detected: {(<Change.modified: 2>, '/home/tharanies/Documents/personal/project-raseed/raseed-backend/app.log')}
2025-07-18 22:07:25,862 - watchfiles.main - DEBUG - 1 change detected: {(<Change.modified: 2>, '/home/tharanies/Documents/personal/project-raseed/raseed-backend/app.log')}
2025-07-18 22:07:26,213 - watchfiles.main - DEBUG - 1 change detected: {(<Change.modified: 2>, '/home/tharanies/Documents/personal/project-raseed/raseed-backend/app.log')}
2025-07-18 22:07:26,564 - watchfiles.main - DEBUG - 1 change detected: {(<Change.modified: 2>, '/home/tharanies/Documents/personal/project-raseed/raseed-backend/app.log')}
2025-07-18 22:07:26,915 - watchfiles.main - DEBUG - 1 change detected: {(<Change.modified: 2>, '/home/tharanies/Documents/personal/project-raseed/raseed-backend/app.log')}
2025-07-18 22:07:27,265 - watchfiles.main - DEBUG - 1 change detected: {(<Change.modified: 2>, '/home/tharanies/Documents/personal/project-raseed/raseed-backend/app.log')}
2025-07-18 22:07:27,616 - watchfiles.main - DEBUG - 1 change detected: {(<Change.modified: 2>, '/home/tharanies/Documents/personal/project-raseed/raseed-backend/app.log')}
2025-07-18 22:07:27,967 - watchfiles.main - DEBUG - 1 change detected: {(<Change.modified: 2>, '/home/tharanies/Documents/personal/project-raseed/raseed-backend/app.log')}
2025-07-18 22:07:28,082 - urllib3.connectionpool - DEBUG - Starting new HTTPS connection (1): oauth2.googleapis.com:443
2025-07-18 22:07:28,283 - urllib3.connectionpool - DEBUG - https://oauth2.googleapis.com:443 "POST /token HTTP/1.1" 200 None
2025-07-18 22:07:28,318 - watchfiles.main - DEBUG - 1 change detected: {(<Change.modified: 2>, '/home/tharanies/Documents/personal/project-raseed/raseed-backend/app.log')}
2025-07-18 22:07:28,669 - watchfiles.main - DEBUG - 1 change detected: {(<Change.modified: 2>, '/home/tharanies/Documents/personal/project-raseed/raseed-backend/app.log')}
2025-07-18 22:07:29,019 - watchfiles.main - DEBUG - 1 change detected: {(<Change.modified: 2>, '/home/tharanies/Documents/personal/project-raseed/raseed-backend/app.log')}
2025-07-18 22:07:29,370 - watchfiles.main - DEBUG - 1 change detected: {(<Change.modified: 2>, '/home/tharanies/Documents/personal/project-raseed/raseed-backend/app.log')}
2025-07-18 22:07:29,721 - watchfiles.main - DEBUG - 1 change detected: {(<Change.modified: 2>, '/home/tharanies/Documents/personal/project-raseed/raseed-backend/app.log')}
2025-07-18 22:07:30,072 - watchfiles.main - DEBUG - 1 change detected: {(<Change.modified: 2>, '/home/tharanies/Documents/personal/project-raseed/raseed-backend/app.log')}
2025-07-18 22:07:30,423 - watchfiles.main - DEBUG - 1 change detected: {(<Change.modified: 2>, '/home/tharanies/Documents/personal/project-raseed/raseed-backend/app.log')}
2025-07-18 22:07:30,774 - watchfiles.main - DEBUG - 1 change detected: {(<Change.modified: 2>, '/home/tharanies/Documents/personal/project-raseed/raseed-backend/app.log')}
2025-07-18 22:07:31,125 - watchfiles.main - DEBUG - 1 change detected: {(<Change.modified: 2>, '/home/tharanies/Documents/personal/project-raseed/raseed-backend/app.log')}
2025-07-18 22:07:31,476 - watchfiles.main - DEBUG - 1 change detected: {(<Change.modified: 2>, '/home/tharanies/Documents/personal/project-raseed/raseed-backend/app.log')}
2025-07-18 22:07:31,826 - watchfiles.main - DEBUG - 1 change detected: {(<Change.modified: 2>, '/home/tharanies/Documents/personal/project-raseed/raseed-backend/app.log')}
2025-07-18 22:07:32,177 - watchfiles.main - DEBUG - 1 change detected: {(<Change.modified: 2>, '/home/tharanies/Documents/personal/project-raseed/raseed-backend/app.log')}
2025-07-18 22:07:32,528 - watchfiles.main - DEBUG - 1 change detected: {(<Change.modified: 2>, '/home/tharanies/Documents/personal/project-raseed/raseed-backend/app.log')}
2025-07-18 22:07:32,879 - watchfiles.main - DEBUG - 1 change detected: {(<Change.modified: 2>, '/home/tharanies/Documents/personal/project-raseed/raseed-backend/app.log')}
2025-07-18 22:07:33,229 - watchfiles.main - DEBUG - 1 change detected: {(<Change.modified: 2>, '/home/tharanies/Documents/personal/project-raseed/raseed-backend/app.log')}
2025-07-18 22:07:33,580 - watchfiles.main - DEBUG - 1 change detected: {(<Change.modified: 2>, '/home/tharanies/Documents/personal/project-raseed/raseed-backend/app.log')}
2025-07-18 22:07:33,930 - watchfiles.main - DEBUG - 1 change detected: {(<Change.modified: 2>, '/home/tharanies/Documents/personal/project-raseed/raseed-backend/app.log')}
2025-07-18 22:07:34,282 - watchfiles.main - DEBUG - 1 change detected: {(<Change.modified: 2>, '/home/tharanies/Documents/personal/project-raseed/raseed-backend/app.log')}
2025-07-18 22:07:34,633 - watchfiles.main - DEBUG - 1 change detected: {(<Change.modified: 2>, '/home/tharanies/Documents/personal/project-raseed/raseed-backend/app.log')}
2025-07-18 22:07:34,984 - watchfiles.main - DEBUG - 1 change detected: {(<Change.modified: 2>, '/home/tharanies/Documents/personal/project-raseed/raseed-backend/app.log')}
2025-07-18 22:07:35,335 - watchfiles.main - DEBUG - 1 change detected: {(<Change.modified: 2>, '/home/tharanies/Documents/personal/project-raseed/raseed-backend/app.log')}
2025-07-18 22:07:35,686 - watchfiles.main - DEBUG - 1 change detected: {(<Change.modified: 2>, '/home/tharanies/Documents/personal/project-raseed/raseed-backend/app.log')}
2025-07-18 22:07:36,037 - watchfiles.main - DEBUG - 1 change detected: {(<Change.modified: 2>, '/home/tharanies/Documents/personal/project-raseed/raseed-backend/app.log')}
2025-07-18 22:07:36,387 - watchfiles.main - DEBUG - 1 change detected: {(<Change.modified: 2>, '/home/tharanies/Documents/personal/project-raseed/raseed-backend/app.log')}
2025-07-18 22:07:36,738 - watchfiles.main - DEBUG - 1 change detected: {(<Change.modified: 2>, '/home/tharanies/Documents/personal/project-raseed/raseed-backend/app.log')}
2025-07-18 22:07:37,089 - watchfiles.main - DEBUG - 1 change detected: {(<Change.modified: 2>, '/home/tharanies/Documents/personal/project-raseed/raseed-backend/app.log')}
2025-07-18 22:07:37,439 - watchfiles.main - DEBUG - 1 change detected: {(<Change.modified: 2>, '/home/tharanies/Documents/personal/project-raseed/raseed-backend/app.log')}
2025-07-18 22:07:37,790 - watchfiles.main - DEBUG - 1 change detected: {(<Change.modified: 2>, '/home/tharanies/Documents/personal/project-raseed/raseed-backend/app.log')}
2025-07-18 22:07:38,141 - watchfiles.main - DEBUG - 1 change detected: {(<Change.modified: 2>, '/home/tharanies/Documents/personal/project-raseed/raseed-backend/app.log')}
2025-07-18 22:07:38,491 - watchfiles.main - DEBUG - 1 change detected: {(<Change.modified: 2>, '/home/tharanies/Documents/personal/project-raseed/raseed-backend/app.log')}
2025-07-18 22:07:38,842 - watchfiles.main - DEBUG - 1 change detected: {(<Change.modified: 2>, '/home/tharanies/Documents/personal/project-raseed/raseed-backend/app.log')}
2025-07-18 22:07:39,192 - watchfiles.main - DEBUG - 1 change detected: {(<Change.modified: 2>, '/home/tharanies/Documents/personal/project-raseed/raseed-backend/app.log')}
2025-07-18 22:07:39,543 - watchfiles.main - DEBUG - 1 change detected: {(<Change.modified: 2>, '/home/tharanies/Documents/personal/project-raseed/raseed-backend/app.log')}
2025-07-18 22:07:39,895 - watchfiles.main - DEBUG - 1 change detected: {(<Change.modified: 2>, '/home/tharanies/Documents/personal/project-raseed/raseed-backend/app.log')}
2025-07-18 22:07:40,246 - watchfiles.main - DEBUG - 1 change detected: {(<Change.modified: 2>, '/home/tharanies/Documents/personal/project-raseed/raseed-backend/app.log')}
2025-07-18 22:07:40,597 - watchfiles.main - DEBUG - 1 change detected: {(<Change.modified: 2>, '/home/tharanies/Documents/personal/project-raseed/raseed-backend/app.log')}
2025-07-18 22:07:40,948 - watchfiles.main - DEBUG - 1 change detected: {(<Change.modified: 2>, '/home/tharanies/Documents/personal/project-raseed/raseed-backend/app.log')}
2025-07-18 22:07:41,300 - watchfiles.main - DEBUG - 1 change detected: {(<Change.modified: 2>, '/home/tharanies/Documents/personal/project-raseed/raseed-backend/app.log')}
2025-07-18 22:07:41,651 - watchfiles.main - DEBUG - 1 change detected: {(<Change.modified: 2>, '/home/tharanies/Documents/personal/project-raseed/raseed-backend/app.log')}
2025-07-18 22:07:42,002 - watchfiles.main - DEBUG - 1 change detected: {(<Change.modified: 2>, '/home/tharanies/Documents/personal/project-raseed/raseed-backend/app.log')}
2025-07-18 22:07:42,353 - watchfiles.main - DEBUG - 1 change detected: {(<Change.modified: 2>, '/home/tharanies/Documents/personal/project-raseed/raseed-backend/app.log')}
2025-07-18 22:07:42,703 - watchfiles.main - DEBUG - 1 change detected: {(<Change.modified: 2>, '/home/tharanies/Documents/personal/project-raseed/raseed-backend/app.log')}
2025-07-18 22:07:43,054 - watchfiles.main - DEBUG - 1 change detected: {(<Change.modified: 2>, '/home/tharanies/Documents/personal/project-raseed/raseed-backend/app.log')}
2025-07-18 22:07:43,405 - watchfiles.main - DEBUG - 1 change detected: {(<Change.modified: 2>, '/home/tharanies/Documents/personal/project-raseed/raseed-backend/app.log')}
2025-07-18 22:07:43,756 - watchfiles.main - DEBUG - 1 change detected: {(<Change.modified: 2>, '/home/tharanies/Documents/personal/project-raseed/raseed-backend/app.log')}
2025-07-18 22:07:44,107 - watchfiles.main - DEBUG - 1 change detected: {(<Change.modified: 2>, '/home/tharanies/Documents/personal/project-raseed/raseed-backend/app.log')}
2025-07-18 22:07:44,458 - watchfiles.main - DEBUG - 1 change detected: {(<Change.modified: 2>, '/home/tharanies/Documents/personal/project-raseed/raseed-backend/app.log')}
2025-07-18 22:07:44,809 - watchfiles.main - DEBUG - 1 change detected: {(<Change.modified: 2>, '/home/tharanies/Documents/personal/project-raseed/raseed-backend/app.log')}
2025-07-18 22:07:45,160 - watchfiles.main - DEBUG - 1 change detected: {(<Change.modified: 2>, '/home/tharanies/Documents/personal/project-raseed/raseed-backend/app.log')}
2025-07-18 22:07:45,511 - watchfiles.main - DEBUG - 1 change detected: {(<Change.modified: 2>, '/home/tharanies/Documents/personal/project-raseed/raseed-backend/app.log')}
2025-07-18 22:07:45,863 - watchfiles.main - DEBUG - 1 change detected: {(<Change.modified: 2>, '/home/tharanies/Documents/personal/project-raseed/raseed-backend/app.log')}
2025-07-18 22:07:46,214 - watchfiles.main - DEBUG - 1 change detected: {(<Change.modified: 2>, '/home/tharanies/Documents/personal/project-raseed/raseed-backend/app.log')}
2025-07-18 22:07:46,565 - watchfiles.main - DEBUG - 1 change detected: {(<Change.modified: 2>, '/home/tharanies/Documents/personal/project-raseed/raseed-backend/app.log')}
2025-07-18 22:07:46,916 - watchfiles.main - DEBUG - 1 change detected: {(<Change.modified: 2>, '/home/tharanies/Documents/personal/project-raseed/raseed-backend/app.log')}
2025-07-18 22:07:47,267 - watchfiles.main - DEBUG - 1 change detected: {(<Change.modified: 2>, '/home/tharanies/Documents/personal/project-raseed/raseed-backend/app.log')}
2025-07-18 22:07:47,618 - watchfiles.main - DEBUG - 1 change detected: {(<Change.modified: 2>, '/home/tharanies/Documents/personal/project-raseed/raseed-backend/app.log')}
2025-07-18 22:07:47,969 - watchfiles.main - DEBUG - 1 change detected: {(<Change.modified: 2>, '/home/tharanies/Documents/personal/project-raseed/raseed-backend/app.log')}
2025-07-18 22:07:48,320 - watchfiles.main - DEBUG - 1 change detected: {(<Change.modified: 2>, '/home/tharanies/Documents/personal/project-raseed/raseed-backend/app.log')}
2025-07-18 22:07:48,671 - watchfiles.main - DEBUG - 1 change detected: {(<Change.modified: 2>, '/home/tharanies/Documents/personal/project-raseed/raseed-backend/app.log')}
2025-07-18 22:07:49,021 - watchfiles.main - DEBUG - 1 change detected: {(<Change.modified: 2>, '/home/tharanies/Documents/personal/project-raseed/raseed-backend/app.log')}
2025-07-18 22:07:49,372 - watchfiles.main - DEBUG - 1 change detected: {(<Change.modified: 2>, '/home/tharanies/Documents/personal/project-raseed/raseed-backend/app.log')}
2025-07-18 22:07:49,724 - watchfiles.main - DEBUG - 1 change detected: {(<Change.modified: 2>, '/home/tharanies/Documents/personal/project-raseed/raseed-backend/app.log')}
2025-07-18 22:07:50,075 - watchfiles.main - DEBUG - 1 change detected: {(<Change.modified: 2>, '/home/tharanies/Documents/personal/project-raseed/raseed-backend/app.log')}
2025-07-18 22:07:50,426 - watchfiles.main - DEBUG - 1 change detected: {(<Change.modified: 2>, '/home/tharanies/Documents/personal/project-raseed/raseed-backend/app.log')}
2025-07-18 22:07:50,777 - watchfiles.main - DEBUG - 1 change detected: {(<Change.modified: 2>, '/home/tharanies/Documents/personal/project-raseed/raseed-backend/app.log')}
2025-07-18 22:07:51,128 - watchfiles.main - DEBUG - 1 change detected: {(<Change.modified: 2>, '/home/tharanies/Documents/personal/project-raseed/raseed-backend/app.log')}
2025-07-18 22:07:51,479 - watchfiles.main - DEBUG - 1 change detected: {(<Change.modified: 2>, '/home/tharanies/Documents/personal/project-raseed/raseed-backend/app.log')}
2025-07-18 22:07:51,831 - watchfiles.main - DEBUG - 1 change detected: {(<Change.modified: 2>, '/home/tharanies/Documents/personal/project-raseed/raseed-backend/app.log')}
2025-07-18 22:07:52,182 - watchfiles.main - DEBUG - 1 change detected: {(<Change.modified: 2>, '/home/tharanies/Documents/personal/project-raseed/raseed-backend/app.log')}
2025-07-18 22:07:52,532 - watchfiles.main - DEBUG - 1 change detected: {(<Change.modified: 2>, '/home/tharanies/Documents/personal/project-raseed/raseed-backend/app.log')}
2025-07-18 22:07:52,883 - watchfiles.main - DEBUG - 1 change detected: {(<Change.modified: 2>, '/home/tharanies/Documents/personal/project-raseed/raseed-backend/app.log')}
2025-07-18 22:07:53,234 - watchfiles.main - DEBUG - 1 change detected: {(<Change.modified: 2>, '/home/tharanies/Documents/personal/project-raseed/raseed-backend/app.log')}
2025-07-18 22:07:53,585 - watchfiles.main - DEBUG - 1 change detected: {(<Change.modified: 2>, '/home/tharanies/Documents/personal/project-raseed/raseed-backend/app.log')}
2025-07-18 22:07:53,935 - watchfiles.main - DEBUG - 1 change detected: {(<Change.modified: 2>, '/home/tharanies/Documents/personal/project-raseed/raseed-backend/app.log')}
2025-07-18 22:07:54,286 - watchfiles.main - DEBUG - 1 change detected: {(<Change.modified: 2>, '/home/tharanies/Documents/personal/project-raseed/raseed-backend/app.log')}
2025-07-18 22:07:54,637 - watchfiles.main - DEBUG - 1 change detected: {(<Change.modified: 2>, '/home/tharanies/Documents/personal/project-raseed/raseed-backend/app.log')}
2025-07-18 22:07:54,988 - watchfiles.main - DEBUG - 1 change detected: {(<Change.modified: 2>, '/home/tharanies/Documents/personal/project-raseed/raseed-backend/app.log')}
2025-07-18 22:07:55,339 - watchfiles.main - DEBUG - 1 change detected: {(<Change.modified: 2>, '/home/tharanies/Documents/personal/project-raseed/raseed-backend/app.log')}
2025-07-18 22:07:55,690 - watchfiles.main - DEBUG - 1 change detected: {(<Change.modified: 2>, '/home/tharanies/Documents/personal/project-raseed/raseed-backend/app.log')}
2025-07-18 22:07:56,041 - watchfiles.main - DEBUG - 1 change detected: {(<Change.modified: 2>, '/home/tharanies/Documents/personal/project-raseed/raseed-backend/app.log')}
2025-07-18 22:07:56,392 - watchfiles.main - DEBUG - 1 change detected: {(<Change.modified: 2>, '/home/tharanies/Documents/personal/project-raseed/raseed-backend/app.log')}
2025-07-18 22:07:56,743 - watchfiles.main - DEBUG - 1 change detected: {(<Change.modified: 2>, '/home/tharanies/Documents/personal/project-raseed/raseed-backend/app.log')}
2025-07-18 22:07:57,094 - watchfiles.main - DEBUG - 1 change detected: {(<Change.modified: 2>, '/home/tharanies/Documents/personal/project-raseed/raseed-backend/app.log')}
2025-07-18 22:07:57,444 - watchfiles.main - DEBUG - 1 change detected: {(<Change.modified: 2>, '/home/tharanies/Documents/personal/project-raseed/raseed-backend/app.log')}
2025-07-18 22:07:57,795 - watchfiles.main - DEBUG - 1 change detected: {(<Change.modified: 2>, '/home/tharanies/Documents/personal/project-raseed/raseed-backend/app.log')}
2025-07-18 22:07:58,146 - watchfiles.main - DEBUG - 1 change detected: {(<Change.modified: 2>, '/home/tharanies/Documents/personal/project-raseed/raseed-backend/app.log')}
2025-07-18 22:07:58,497 - watchfiles.main - DEBUG - 1 change detected: {(<Change.modified: 2>, '/home/tharanies/Documents/personal/project-raseed/raseed-backend/app.log')}
2025-07-18 22:07:58,847 - watchfiles.main - DEBUG - 1 change detected: {(<Change.modified: 2>, '/home/tharanies/Documents/personal/project-raseed/raseed-backend/app.log')}
2025-07-18 22:07:59,198 - watchfiles.main - DEBUG - 1 change detected: {(<Change.modified: 2>, '/home/tharanies/Documents/personal/project-raseed/raseed-backend/app.log')}
2025-07-18 22:07:59,548 - watchfiles.main - DEBUG - 1 change detected: {(<Change.modified: 2>, '/home/tharanies/Documents/personal/project-raseed/raseed-backend/app.log')}
2025-07-18 22:07:59,899 - watchfiles.main - DEBUG - 1 change detected: {(<Change.modified: 2>, '/home/tharanies/Documents/personal/project-raseed/raseed-backend/app.log')}
2025-07-18 22:08:00,250 - watchfiles.main - DEBUG - 1 change detected: {(<Change.modified: 2>, '/home/tharanies/Documents/personal/project-raseed/raseed-backend/app.log')}
2025-07-18 22:08:00,600 - watchfiles.main - DEBUG - 1 change detected: {(<Change.modified: 2>, '/home/tharanies/Documents/personal/project-raseed/raseed-backend/app.log')}
2025-07-18 22:08:00,951 - watchfiles.main - DEBUG - 1 change detected: {(<Change.modified: 2>, '/home/tharanies/Documents/personal/project-raseed/raseed-backend/app.log')}
2025-07-18 22:08:01,302 - watchfiles.main - DEBUG - 1 change detected: {(<Change.modified: 2>, '/home/tharanies/Documents/personal/project-raseed/raseed-backend/app.log')}
2025-07-18 22:08:01,653 - watchfiles.main - DEBUG - 1 change detected: {(<Change.modified: 2>, '/home/tharanies/Documents/personal/project-raseed/raseed-backend/app.log')}
2025-07-18 22:08:02,004 - watchfiles.main - DEBUG - 1 change detected: {(<Change.modified: 2>, '/home/tharanies/Documents/personal/project-raseed/raseed-backend/app.log')}
2025-07-18 22:08:02,354 - watchfiles.main - DEBUG - 1 change detected: {(<Change.modified: 2>, '/home/tharanies/Documents/personal/project-raseed/raseed-backend/app.log')}
2025-07-18 22:08:02,705 - watchfiles.main - DEBUG - 1 change detected: {(<Change.modified: 2>, '/home/tharanies/Documents/personal/project-raseed/raseed-backend/app.log')}
2025-07-18 22:08:03,056 - watchfiles.main - DEBUG - 1 change detected: {(<Change.modified: 2>, '/home/tharanies/Documents/personal/project-raseed/raseed-backend/app.log')}
2025-07-18 22:08:03,407 - watchfiles.main - DEBUG - 1 change detected: {(<Change.modified: 2>, '/home/tharanies/Documents/personal/project-raseed/raseed-backend/app.log')}
2025-07-18 22:08:03,758 - watchfiles.main - DEBUG - 1 change detected: {(<Change.modified: 2>, '/home/tharanies/Documents/personal/project-raseed/raseed-backend/app.log')}
2025-07-18 22:08:04,109 - watchfiles.main - DEBUG - 1 change detected: {(<Change.modified: 2>, '/home/tharanies/Documents/personal/project-raseed/raseed-backend/app.log')}
2025-07-18 22:08:04,459 - watchfiles.main - DEBUG - 1 change detected: {(<Change.modified: 2>, '/home/tharanies/Documents/personal/project-raseed/raseed-backend/app.log')}
2025-07-18 22:08:04,810 - watchfiles.main - DEBUG - 1 change detected: {(<Change.modified: 2>, '/home/tharanies/Documents/personal/project-raseed/raseed-backend/app.log')}
2025-07-18 22:08:05,161 - watchfiles.main - DEBUG - 1 change detected: {(<Change.modified: 2>, '/home/tharanies/Documents/personal/project-raseed/raseed-backend/app.log')}
2025-07-18 22:08:05,511 - watchfiles.main - DEBUG - 1 change detected: {(<Change.modified: 2>, '/home/tharanies/Documents/personal/project-raseed/raseed-backend/app.log')}
2025-07-18 22:08:05,863 - watchfiles.main - DEBUG - 1 change detected: {(<Change.modified: 2>, '/home/tharanies/Documents/personal/project-raseed/raseed-backend/app.log')}
2025-07-18 22:08:06,214 - watchfiles.main - DEBUG - 1 change detected: {(<Change.modified: 2>, '/home/tharanies/Documents/personal/project-raseed/raseed-backend/app.log')}
2025-07-18 22:08:06,565 - watchfiles.main - DEBUG - 1 change detected: {(<Change.modified: 2>, '/home/tharanies/Documents/personal/project-raseed/raseed-backend/app.log')}
2025-07-18 22:08:06,916 - watchfiles.main - DEBUG - 1 change detected: {(<Change.modified: 2>, '/home/tharanies/Documents/personal/project-raseed/raseed-backend/app.log')}
2025-07-18 22:08:07,267 - watchfiles.main - DEBUG - 1 change detected: {(<Change.modified: 2>, '/home/tharanies/Documents/personal/project-raseed/raseed-backend/app.log')}
2025-07-18 22:08:07,618 - watchfiles.main - DEBUG - 1 change detected: {(<Change.modified: 2>, '/home/tharanies/Documents/personal/project-raseed/raseed-backend/app.log')}
2025-07-18 22:08:07,969 - watchfiles.main - DEBUG - 1 change detected: {(<Change.modified: 2>, '/home/tharanies/Documents/personal/project-raseed/raseed-backend/app.log')}
2025-07-18 22:08:08,319 - watchfiles.main - DEBUG - 1 change detected: {(<Change.modified: 2>, '/home/tharanies/Documents/personal/project-raseed/raseed-backend/app.log')}
2025-07-18 22:08:08,670 - watchfiles.main - DEBUG - 1 change detected: {(<Change.modified: 2>, '/home/tharanies/Documents/personal/project-raseed/raseed-backend/app.log')}
2025-07-18 22:08:09,021 - watchfiles.main - DEBUG - 1 change detected: {(<Change.modified: 2>, '/home/tharanies/Documents/personal/project-raseed/raseed-backend/app.log')}
2025-07-18 22:08:09,372 - watchfiles.main - DEBUG - 1 change detected: {(<Change.modified: 2>, '/home/tharanies/Documents/personal/project-raseed/raseed-backend/app.log')}
2025-07-18 22:08:09,723 - watchfiles.main - DEBUG - 1 change detected: {(<Change.modified: 2>, '/home/tharanies/Documents/personal/project-raseed/raseed-backend/app.log')}
2025-07-18 22:08:10,074 - watchfiles.main - DEBUG - 1 change detected: {(<Change.modified: 2>, '/home/tharanies/Documents/personal/project-raseed/raseed-backend/app.log')}
2025-07-18 22:08:10,424 - watchfiles.main - DEBUG - 1 change detected: {(<Change.modified: 2>, '/home/tharanies/Documents/personal/project-raseed/raseed-backend/app.log')}
2025-07-18 22:08:10,775 - watchfiles.main - DEBUG - 1 change detected: {(<Change.modified: 2>, '/home/tharanies/Documents/personal/project-raseed/raseed-backend/app.log')}
2025-07-18 22:08:11,126 - watchfiles.main - DEBUG - 1 change detected: {(<Change.modified: 2>, '/home/tharanies/Documents/personal/project-raseed/raseed-backend/app.log')}
2025-07-18 22:08:11,476 - watchfiles.main - DEBUG - 1 change detected: {(<Change.modified: 2>, '/home/tharanies/Documents/personal/project-raseed/raseed-backend/app.log')}
2025-07-18 22:08:11,827 - watchfiles.main - DEBUG - 1 change detected: {(<Change.modified: 2>, '/home/tharanies/Documents/personal/project-raseed/raseed-backend/app.log')}
2025-07-18 22:08:12,178 - watchfiles.main - DEBUG - 1 change detected: {(<Change.modified: 2>, '/home/tharanies/Documents/personal/project-raseed/raseed-backend/app.log')}
2025-07-18 22:08:12,529 - watchfiles.main - DEBUG - 1 change detected: {(<Change.modified: 2>, '/home/tharanies/Documents/personal/project-raseed/raseed-backend/app.log')}
2025-07-18 22:08:12,880 - watchfiles.main - DEBUG - 1 change detected: {(<Change.modified: 2>, '/home/tharanies/Documents/personal/project-raseed/raseed-backend/app.log')}
2025-07-18 22:08:13,231 - watchfiles.main - DEBUG - 1 change detected: {(<Change.modified: 2>, '/home/tharanies/Documents/personal/project-raseed/raseed-backend/app.log')}
2025-07-18 22:08:13,581 - watchfiles.main - DEBUG - 1 change detected: {(<Change.modified: 2>, '/home/tharanies/Documents/personal/project-raseed/raseed-backend/app.log')}
2025-07-18 22:08:13,933 - watchfiles.main - DEBUG - 1 change detected: {(<Change.modified: 2>, '/home/tharanies/Documents/personal/project-raseed/raseed-backend/app.log')}
2025-07-18 22:08:14,284 - watchfiles.main - DEBUG - 1 change detected: {(<Change.modified: 2>, '/home/tharanies/Documents/personal/project-raseed/raseed-backend/app.log')}
2025-07-18 22:08:14,635 - watchfiles.main - DEBUG - 1 change detected: {(<Change.modified: 2>, '/home/tharanies/Documents/personal/project-raseed/raseed-backend/app.log')}
2025-07-18 22:08:14,986 - watchfiles.main - DEBUG - 1 change detected: {(<Change.modified: 2>, '/home/tharanies/Documents/personal/project-raseed/raseed-backend/app.log')}
2025-07-18 22:08:15,337 - watchfiles.main - DEBUG - 1 change detected: {(<Change.modified: 2>, '/home/tharanies/Documents/personal/project-raseed/raseed-backend/app.log')}
2025-07-18 22:08:15,688 - watchfiles.main - DEBUG - 1 change detected: {(<Change.modified: 2>, '/home/tharanies/Documents/personal/project-raseed/raseed-backend/app.log')}
2025-07-18 22:08:16,038 - watchfiles.main - DEBUG - 1 change detected: {(<Change.modified: 2>, '/home/tharanies/Documents/personal/project-raseed/raseed-backend/app.log')}
2025-07-18 22:08:16,389 - watchfiles.main - DEBUG - 1 change detected: {(<Change.modified: 2>, '/home/tharanies/Documents/personal/project-raseed/raseed-backend/app.log')}
2025-07-18 22:08:16,740 - watchfiles.main - DEBUG - 1 change detected: {(<Change.modified: 2>, '/home/tharanies/Documents/personal/project-raseed/raseed-backend/app.log')}
2025-07-18 22:08:17,090 - watchfiles.main - DEBUG - 1 change detected: {(<Change.modified: 2>, '/home/tharanies/Documents/personal/project-raseed/raseed-backend/app.log')}
2025-07-18 22:08:17,441 - watchfiles.main - DEBUG - 1 change detected: {(<Change.modified: 2>, '/home/tharanies/Documents/personal/project-raseed/raseed-backend/app.log')}
2025-07-18 22:08:17,791 - watchfiles.main - DEBUG - 1 change detected: {(<Change.modified: 2>, '/home/tharanies/Documents/personal/project-raseed/raseed-backend/app.log')}
2025-07-18 22:08:18,142 - watchfiles.main - DEBUG - 1 change detected: {(<Change.modified: 2>, '/home/tharanies/Documents/personal/project-raseed/raseed-backend/app.log')}
2025-07-18 22:08:18,493 - watchfiles.main - DEBUG - 1 change detected: {(<Change.modified: 2>, '/home/tharanies/Documents/personal/project-raseed/raseed-backend/app.log')}
2025-07-18 22:08:18,843 - watchfiles.main - DEBUG - 1 change detected: {(<Change.modified: 2>, '/home/tharanies/Documents/personal/project-raseed/raseed-backend/app.log')}
2025-07-18 22:08:19,194 - watchfiles.main - DEBUG - 1 change detected: {(<Change.modified: 2>, '/home/tharanies/Documents/personal/project-raseed/raseed-backend/app.log')}
2025-07-18 22:08:19,545 - watchfiles.main - DEBUG - 1 change detected: {(<Change.modified: 2>, '/home/tharanies/Documents/personal/project-raseed/raseed-backend/app.log')}
2025-07-18 22:08:19,895 - watchfiles.main - DEBUG - 1 change detected: {(<Change.modified: 2>, '/home/tharanies/Documents/personal/project-raseed/raseed-backend/app.log')}
2025-07-18 22:08:20,246 - watchfiles.main - DEBUG - 1 change detected: {(<Change.modified: 2>, '/home/tharanies/Documents/personal/project-raseed/raseed-backend/app.log')}
2025-07-18 22:08:20,598 - watchfiles.main - DEBUG - 1 change detected: {(<Change.modified: 2>, '/home/tharanies/Documents/personal/project-raseed/raseed-backend/app.log')}
2025-07-18 22:08:20,949 - watchfiles.main - DEBUG - 1 change detected: {(<Change.modified: 2>, '/home/tharanies/Documents/personal/project-raseed/raseed-backend/app.log')}
2025-07-18 22:08:21,299 - watchfiles.main - DEBUG - 1 change detected: {(<Change.modified: 2>, '/home/tharanies/Documents/personal/project-raseed/raseed-backend/app.log')}
2025-07-18 22:08:21,650 - watchfiles.main - DEBUG - 1 change detected: {(<Change.modified: 2>, '/home/tharanies/Documents/personal/project-raseed/raseed-backend/app.log')}
2025-07-18 22:08:22,001 - watchfiles.main - DEBUG - 1 change detected: {(<Change.modified: 2>, '/home/tharanies/Documents/personal/project-raseed/raseed-backend/app.log')}
2025-07-18 22:08:22,352 - watchfiles.main - DEBUG - 1 change detected: {(<Change.modified: 2>, '/home/tharanies/Documents/personal/project-raseed/raseed-backend/app.log')}
2025-07-18 22:08:22,703 - watchfiles.main - DEBUG - 1 change detected: {(<Change.modified: 2>, '/home/tharanies/Documents/personal/project-raseed/raseed-backend/app.log')}
2025-07-18 22:08:23,054 - watchfiles.main - DEBUG - 1 change detected: {(<Change.modified: 2>, '/home/tharanies/Documents/personal/project-raseed/raseed-backend/app.log')}
2025-07-18 22:08:23,404 - watchfiles.main - DEBUG - 1 change detected: {(<Change.modified: 2>, '/home/tharanies/Documents/personal/project-raseed/raseed-backend/app.log')}
2025-07-18 22:08:23,756 - watchfiles.main - DEBUG - 1 change detected: {(<Change.modified: 2>, '/home/tharanies/Documents/personal/project-raseed/raseed-backend/app.log')}
2025-07-18 22:08:24,106 - watchfiles.main - DEBUG - 1 change detected: {(<Change.modified: 2>, '/home/tharanies/Documents/personal/project-raseed/raseed-backend/app.log')}
2025-07-18 22:08:24,457 - watchfiles.main - DEBUG - 1 change detected: {(<Change.modified: 2>, '/home/tharanies/Documents/personal/project-raseed/raseed-backend/app.log')}
2025-07-18 22:08:24,808 - watchfiles.main - DEBUG - 1 change detected: {(<Change.modified: 2>, '/home/tharanies/Documents/personal/project-raseed/raseed-backend/app.log')}
2025-07-18 22:08:25,158 - watchfiles.main - DEBUG - 1 change detected: {(<Change.modified: 2>, '/home/tharanies/Documents/personal/project-raseed/raseed-backend/app.log')}
2025-07-18 22:08:25,509 - watchfiles.main - DEBUG - 1 change detected: {(<Change.modified: 2>, '/home/tharanies/Documents/personal/project-raseed/raseed-backend/app.log')}
2025-07-18 22:08:25,860 - watchfiles.main - DEBUG - 1 change detected: {(<Change.modified: 2>, '/home/tharanies/Documents/personal/project-raseed/raseed-backend/app.log')}
2025-07-18 22:08:26,022 - multipart.multipart - DEBUG - Calling on_part_begin with no data
2025-07-18 22:08:26,022 - multipart.multipart - DEBUG - Calling on_header_field with data[42:61]
2025-07-18 22:08:26,022 - multipart.multipart - DEBUG - Calling on_header_value with data[63:109]
2025-07-18 22:08:26,022 - multipart.multipart - DEBUG - Calling on_header_end with no data
2025-07-18 22:08:26,022 - multipart.multipart - DEBUG - Calling on_header_field with data[111:123]
2025-07-18 22:08:26,022 - multipart.multipart - DEBUG - Calling on_header_value with data[125:135]
2025-07-18 22:08:26,022 - multipart.multipart - DEBUG - Calling on_header_end with no data
2025-07-18 22:08:26,022 - multipart.multipart - DEBUG - Calling on_headers_finished with no data
2025-07-18 22:08:26,022 - multipart.multipart - DEBUG - Calling on_part_data with data[139:30456]
2025-07-18 22:08:26,022 - multipart.multipart - DEBUG - Calling on_part_end with no data
2025-07-18 22:08:26,022 - multipart.multipart - DEBUG - Calling on_end with no data
2025-07-18 22:08:26,023 - urllib3.util.retry - DEBUG - Converted retries value: 3 -> Retry(total=3, connect=None, read=None, redirect=None, status=None)
2025-07-18 22:08:26,024 - urllib3.connectionpool - DEBUG - Starting new HTTPS connection (1): storage.googleapis.com:443
2025-07-18 22:08:26,210 - watchfiles.main - DEBUG - 1 change detected: {(<Change.modified: 2>, '/home/tharanies/Documents/personal/project-raseed/raseed-backend/app.log')}
2025-07-18 22:08:26,561 - watchfiles.main - DEBUG - 1 change detected: {(<Change.modified: 2>, '/home/tharanies/Documents/personal/project-raseed/raseed-backend/app.log')}
2025-07-18 22:08:26,882 - urllib3.connectionpool - DEBUG - https://storage.googleapis.com:443 "POST /upload/storage/v1/b/project-raseed-5b28e.appspot.com/o?uploadType=multipart HTTP/1.1" 404 247
2025-07-18 22:08:26,883 - app.services.receipt_service - ERROR - Storage upload error: 404 POST https://storage.googleapis.com/upload/storage/v1/b/project-raseed-5b28e.appspot.com/o?uploadType=multipart: {
  "error": {
    "code": 404,
    "message": "The specified bucket does not exist.",
    "errors": [
      {
        "message": "The specified bucket does not exist.",
        "domain": "global",
        "reason": "notFound"
      }
    ]
  }
}
: ('Request failed with status code', 404, 'Expected one of', <HTTPStatus.OK: 200>)
2025-07-18 22:08:26,912 - watchfiles.main - DEBUG - 1 change detected: {(<Change.modified: 2>, '/home/tharanies/Documents/personal/project-raseed/raseed-backend/app.log')}
2025-07-18 22:08:27,263 - watchfiles.main - DEBUG - 1 change detected: {(<Change.modified: 2>, '/home/tharanies/Documents/personal/project-raseed/raseed-backend/app.log')}
2025-07-18 22:08:27,614 - watchfiles.main - DEBUG - 1 change detected: {(<Change.modified: 2>, '/home/tharanies/Documents/personal/project-raseed/raseed-backend/app.log')}
2025-07-18 22:08:27,965 - watchfiles.main - DEBUG - 1 change detected: {(<Change.modified: 2>, '/home/tharanies/Documents/personal/project-raseed/raseed-backend/app.log')}
2025-07-18 22:08:28,316 - watchfiles.main - DEBUG - 1 change detected: {(<Change.modified: 2>, '/home/tharanies/Documents/personal/project-raseed/raseed-backend/app.log')}
2025-07-18 22:08:28,667 - watchfiles.main - DEBUG - 1 change detected: {(<Change.modified: 2>, '/home/tharanies/Documents/personal/project-raseed/raseed-backend/app.log')}
2025-07-18 22:08:29,018 - watchfiles.main - DEBUG - 1 change detected: {(<Change.modified: 2>, '/home/tharanies/Documents/personal/project-raseed/raseed-backend/app.log')}
2025-07-18 22:08:29,369 - watchfiles.main - DEBUG - 1 change detected: {(<Change.modified: 2>, '/home/tharanies/Documents/personal/project-raseed/raseed-backend/app.log')}
2025-07-18 22:08:29,720 - watchfiles.main - DEBUG - 1 change detected: {(<Change.modified: 2>, '/home/tharanies/Documents/personal/project-raseed/raseed-backend/app.log')}
2025-07-18 22:08:30,070 - watchfiles.main - DEBUG - 1 change detected: {(<Change.modified: 2>, '/home/tharanies/Documents/personal/project-raseed/raseed-backend/app.log')}
2025-07-18 22:08:30,421 - watchfiles.main - DEBUG - 1 change detected: {(<Change.modified: 2>, '/home/tharanies/Documents/personal/project-raseed/raseed-backend/app.log')}
2025-07-18 22:08:30,772 - watchfiles.main - DEBUG - 1 change detected: {(<Change.modified: 2>, '/home/tharanies/Documents/personal/project-raseed/raseed-backend/app.log')}
2025-07-18 22:08:31,124 - watchfiles.main - DEBUG - 1 change detected: {(<Change.modified: 2>, '/home/tharanies/Documents/personal/project-raseed/raseed-backend/app.log')}
2025-07-18 22:08:31,475 - watchfiles.main - DEBUG - 1 change detected: {(<Change.modified: 2>, '/home/tharanies/Documents/personal/project-raseed/raseed-backend/app.log')}
2025-07-18 22:08:31,826 - watchfiles.main - DEBUG - 1 change detected: {(<Change.modified: 2>, '/home/tharanies/Documents/personal/project-raseed/raseed-backend/app.log')}
2025-07-18 22:08:32,177 - watchfiles.main - DEBUG - 1 change detected: {(<Change.modified: 2>, '/home/tharanies/Documents/personal/project-raseed/raseed-backend/app.log')}
2025-07-18 22:08:32,528 - watchfiles.main - DEBUG - 1 change detected: {(<Change.modified: 2>, '/home/tharanies/Documents/personal/project-raseed/raseed-backend/app.log')}
2025-07-18 22:08:32,879 - watchfiles.main - DEBUG - 1 change detected: {(<Change.modified: 2>, '/home/tharanies/Documents/personal/project-raseed/raseed-backend/app.log')}
2025-07-18 22:08:33,230 - watchfiles.main - DEBUG - 1 change detected: {(<Change.modified: 2>, '/home/tharanies/Documents/personal/project-raseed/raseed-backend/app.log')}
2025-07-18 22:08:33,581 - watchfiles.main - DEBUG - 1 change detected: {(<Change.modified: 2>, '/home/tharanies/Documents/personal/project-raseed/raseed-backend/app.log')}
2025-07-18 22:08:33,933 - watchfiles.main - DEBUG - 1 change detected: {(<Change.modified: 2>, '/home/tharanies/Documents/personal/project-raseed/raseed-backend/app.log')}
2025-07-18 22:08:34,284 - watchfiles.main - DEBUG - 1 change detected: {(<Change.modified: 2>, '/home/tharanies/Documents/personal/project-raseed/raseed-backend/app.log')}
2025-07-18 22:08:34,635 - watchfiles.main - DEBUG - 1 change detected: {(<Change.modified: 2>, '/home/tharanies/Documents/personal/project-raseed/raseed-backend/app.log')}
2025-07-18 22:08:34,986 - watchfiles.main - DEBUG - 1 change detected: {(<Change.modified: 2>, '/home/tharanies/Documents/personal/project-raseed/raseed-backend/app.log')}
2025-07-18 22:08:35,337 - watchfiles.main - DEBUG - 1 change detected: {(<Change.modified: 2>, '/home/tharanies/Documents/personal/project-raseed/raseed-backend/app.log')}
2025-07-18 22:08:35,689 - watchfiles.main - DEBUG - 1 change detected: {(<Change.modified: 2>, '/home/tharanies/Documents/personal/project-raseed/raseed-backend/app.log')}
2025-07-18 22:08:36,040 - watchfiles.main - DEBUG - 1 change detected: {(<Change.modified: 2>, '/home/tharanies/Documents/personal/project-raseed/raseed-backend/app.log')}
2025-07-18 22:08:36,391 - watchfiles.main - DEBUG - 1 change detected: {(<Change.modified: 2>, '/home/tharanies/Documents/personal/project-raseed/raseed-backend/app.log')}
2025-07-18 22:08:36,741 - watchfiles.main - DEBUG - 1 change detected: {(<Change.modified: 2>, '/home/tharanies/Documents/personal/project-raseed/raseed-backend/app.log')}
2025-07-18 22:08:37,093 - watchfiles.main - DEBUG - 1 change detected: {(<Change.modified: 2>, '/home/tharanies/Documents/personal/project-raseed/raseed-backend/app.log')}
2025-07-18 22:08:37,443 - watchfiles.main - DEBUG - 1 change detected: {(<Change.modified: 2>, '/home/tharanies/Documents/personal/project-raseed/raseed-backend/app.log')}
2025-07-18 22:08:37,795 - watchfiles.main - DEBUG - 1 change detected: {(<Change.modified: 2>, '/home/tharanies/Documents/personal/project-raseed/raseed-backend/app.log')}
2025-07-18 22:08:38,146 - watchfiles.main - DEBUG - 1 change detected: {(<Change.modified: 2>, '/home/tharanies/Documents/personal/project-raseed/raseed-backend/app.log')}
2025-07-18 22:08:38,497 - watchfiles.main - DEBUG - 1 change detected: {(<Change.modified: 2>, '/home/tharanies/Documents/personal/project-raseed/raseed-backend/app.log')}
2025-07-18 22:08:38,848 - watchfiles.main - DEBUG - 1 change detected: {(<Change.modified: 2>, '/home/tharanies/Documents/personal/project-raseed/raseed-backend/app.log')}
2025-07-18 22:08:39,199 - watchfiles.main - DEBUG - 1 change detected: {(<Change.modified: 2>, '/home/tharanies/Documents/personal/project-raseed/raseed-backend/app.log')}
2025-07-18 22:08:39,550 - watchfiles.main - DEBUG - 1 change detected: {(<Change.modified: 2>, '/home/tharanies/Documents/personal/project-raseed/raseed-backend/app.log')}
2025-07-18 22:08:39,901 - watchfiles.main - DEBUG - 1 change detected: {(<Change.modified: 2>, '/home/tharanies/Documents/personal/project-raseed/raseed-backend/app.log')}
2025-07-18 22:08:40,252 - watchfiles.main - DEBUG - 1 change detected: {(<Change.modified: 2>, '/home/tharanies/Documents/personal/project-raseed/raseed-backend/app.log')}
2025-07-18 22:08:40,603 - watchfiles.main - DEBUG - 1 change detected: {(<Change.modified: 2>, '/home/tharanies/Documents/personal/project-raseed/raseed-backend/app.log')}
2025-07-18 22:08:40,954 - watchfiles.main - DEBUG - 1 change detected: {(<Change.modified: 2>, '/home/tharanies/Documents/personal/project-raseed/raseed-backend/app.log')}
2025-07-18 22:08:41,305 - watchfiles.main - DEBUG - 1 change detected: {(<Change.modified: 2>, '/home/tharanies/Documents/personal/project-raseed/raseed-backend/app.log')}
2025-07-18 22:08:41,656 - watchfiles.main - DEBUG - 1 change detected: {(<Change.modified: 2>, '/home/tharanies/Documents/personal/project-raseed/raseed-backend/app.log')}
2025-07-18 22:08:42,006 - watchfiles.main - DEBUG - 1 change detected: {(<Change.modified: 2>, '/home/tharanies/Documents/personal/project-raseed/raseed-backend/app.log')}
2025-07-18 22:08:42,357 - watchfiles.main - DEBUG - 1 change detected: {(<Change.modified: 2>, '/home/tharanies/Documents/personal/project-raseed/raseed-backend/app.log')}
2025-07-18 22:08:42,708 - watchfiles.main - DEBUG - 1 change detected: {(<Change.modified: 2>, '/home/tharanies/Documents/personal/project-raseed/raseed-backend/app.log')}
2025-07-18 22:08:43,058 - watchfiles.main - DEBUG - 1 change detected: {(<Change.modified: 2>, '/home/tharanies/Documents/personal/project-raseed/raseed-backend/app.log')}
2025-07-18 22:08:43,409 - watchfiles.main - DEBUG - 1 change detected: {(<Change.modified: 2>, '/home/tharanies/Documents/personal/project-raseed/raseed-backend/app.log')}
2025-07-18 22:08:43,759 - watchfiles.main - DEBUG - 1 change detected: {(<Change.modified: 2>, '/home/tharanies/Documents/personal/project-raseed/raseed-backend/app.log')}
2025-07-18 22:08:44,110 - watchfiles.main - DEBUG - 1 change detected: {(<Change.modified: 2>, '/home/tharanies/Documents/personal/project-raseed/raseed-backend/app.log')}
2025-07-18 22:08:44,461 - watchfiles.main - DEBUG - 1 change detected: {(<Change.modified: 2>, '/home/tharanies/Documents/personal/project-raseed/raseed-backend/app.log')}
2025-07-18 22:08:44,812 - watchfiles.main - DEBUG - 1 change detected: {(<Change.modified: 2>, '/home/tharanies/Documents/personal/project-raseed/raseed-backend/app.log')}
2025-07-18 22:08:45,163 - watchfiles.main - DEBUG - 1 change detected: {(<Change.modified: 2>, '/home/tharanies/Documents/personal/project-raseed/raseed-backend/app.log')}
2025-07-18 22:08:45,514 - watchfiles.main - DEBUG - 1 change detected: {(<Change.modified: 2>, '/home/tharanies/Documents/personal/project-raseed/raseed-backend/app.log')}
2025-07-18 22:08:45,865 - watchfiles.main - DEBUG - 1 change detected: {(<Change.modified: 2>, '/home/tharanies/Documents/personal/project-raseed/raseed-backend/app.log')}
2025-07-18 22:08:46,215 - watchfiles.main - DEBUG - 1 change detected: {(<Change.modified: 2>, '/home/tharanies/Documents/personal/project-raseed/raseed-backend/app.log')}
2025-07-18 22:08:46,566 - watchfiles.main - DEBUG - 1 change detected: {(<Change.modified: 2>, '/home/tharanies/Documents/personal/project-raseed/raseed-backend/app.log')}
2025-07-18 22:08:46,917 - watchfiles.main - DEBUG - 1 change detected: {(<Change.modified: 2>, '/home/tharanies/Documents/personal/project-raseed/raseed-backend/app.log')}
2025-07-18 22:08:47,268 - watchfiles.main - DEBUG - 1 change detected: {(<Change.modified: 2>, '/home/tharanies/Documents/personal/project-raseed/raseed-backend/app.log')}
2025-07-18 22:08:47,619 - watchfiles.main - DEBUG - 1 change detected: {(<Change.modified: 2>, '/home/tharanies/Documents/personal/project-raseed/raseed-backend/app.log')}
2025-07-18 22:08:47,969 - watchfiles.main - DEBUG - 1 change detected: {(<Change.modified: 2>, '/home/tharanies/Documents/personal/project-raseed/raseed-backend/app.log')}
2025-07-18 22:08:48,320 - watchfiles.main - DEBUG - 1 change detected: {(<Change.modified: 2>, '/home/tharanies/Documents/personal/project-raseed/raseed-backend/app.log')}
2025-07-18 22:08:48,671 - watchfiles.main - DEBUG - 1 change detected: {(<Change.modified: 2>, '/home/tharanies/Documents/personal/project-raseed/raseed-backend/app.log')}
2025-07-18 22:08:49,022 - watchfiles.main - DEBUG - 1 change detected: {(<Change.modified: 2>, '/home/tharanies/Documents/personal/project-raseed/raseed-backend/app.log')}
2025-07-18 22:08:49,372 - watchfiles.main - DEBUG - 1 change detected: {(<Change.modified: 2>, '/home/tharanies/Documents/personal/project-raseed/raseed-backend/app.log')}
2025-07-18 22:08:49,723 - watchfiles.main - DEBUG - 1 change detected: {(<Change.modified: 2>, '/home/tharanies/Documents/personal/project-raseed/raseed-backend/app.log')}
2025-07-18 22:08:50,074 - watchfiles.main - DEBUG - 1 change detected: {(<Change.modified: 2>, '/home/tharanies/Documents/personal/project-raseed/raseed-backend/app.log')}
2025-07-18 22:08:50,425 - watchfiles.main - DEBUG - 1 change detected: {(<Change.modified: 2>, '/home/tharanies/Documents/personal/project-raseed/raseed-backend/app.log')}
2025-07-18 22:08:50,776 - watchfiles.main - DEBUG - 1 change detected: {(<Change.modified: 2>, '/home/tharanies/Documents/personal/project-raseed/raseed-backend/app.log')}
2025-07-18 22:08:51,126 - watchfiles.main - DEBUG - 1 change detected: {(<Change.modified: 2>, '/home/tharanies/Documents/personal/project-raseed/raseed-backend/app.log')}
2025-07-18 22:08:51,477 - watchfiles.main - DEBUG - 1 change detected: {(<Change.modified: 2>, '/home/tharanies/Documents/personal/project-raseed/raseed-backend/app.log')}
2025-07-18 22:08:51,828 - watchfiles.main - DEBUG - 1 change detected: {(<Change.modified: 2>, '/home/tharanies/Documents/personal/project-raseed/raseed-backend/app.log')}
2025-07-18 22:08:52,179 - watchfiles.main - DEBUG - 1 change detected: {(<Change.modified: 2>, '/home/tharanies/Documents/personal/project-raseed/raseed-backend/app.log')}
2025-07-18 22:08:52,529 - watchfiles.main - DEBUG - 1 change detected: {(<Change.modified: 2>, '/home/tharanies/Documents/personal/project-raseed/raseed-backend/app.log')}
2025-07-18 22:08:52,880 - watchfiles.main - DEBUG - 1 change detected: {(<Change.modified: 2>, '/home/tharanies/Documents/personal/project-raseed/raseed-backend/app.log')}
2025-07-18 22:08:53,231 - watchfiles.main - DEBUG - 1 change detected: {(<Change.modified: 2>, '/home/tharanies/Documents/personal/project-raseed/raseed-backend/app.log')}
2025-07-18 22:08:53,582 - watchfiles.main - DEBUG - 1 change detected: {(<Change.modified: 2>, '/home/tharanies/Documents/personal/project-raseed/raseed-backend/app.log')}
2025-07-18 22:08:53,932 - watchfiles.main - DEBUG - 1 change detected: {(<Change.modified: 2>, '/home/tharanies/Documents/personal/project-raseed/raseed-backend/app.log')}
2025-07-18 22:08:54,283 - watchfiles.main - DEBUG - 1 change detected: {(<Change.modified: 2>, '/home/tharanies/Documents/personal/project-raseed/raseed-backend/app.log')}
2025-07-18 22:08:54,634 - watchfiles.main - DEBUG - 1 change detected: {(<Change.modified: 2>, '/home/tharanies/Documents/personal/project-raseed/raseed-backend/app.log')}
2025-07-18 22:08:54,984 - watchfiles.main - DEBUG - 1 change detected: {(<Change.modified: 2>, '/home/tharanies/Documents/personal/project-raseed/raseed-backend/app.log')}
2025-07-18 22:08:55,335 - watchfiles.main - DEBUG - 1 change detected: {(<Change.modified: 2>, '/home/tharanies/Documents/personal/project-raseed/raseed-backend/app.log')}
2025-07-18 22:08:55,686 - watchfiles.main - DEBUG - 1 change detected: {(<Change.modified: 2>, '/home/tharanies/Documents/personal/project-raseed/raseed-backend/app.log')}
2025-07-18 22:08:56,037 - watchfiles.main - DEBUG - 1 change detected: {(<Change.modified: 2>, '/home/tharanies/Documents/personal/project-raseed/raseed-backend/app.log')}
2025-07-18 22:08:56,388 - watchfiles.main - DEBUG - 1 change detected: {(<Change.modified: 2>, '/home/tharanies/Documents/personal/project-raseed/raseed-backend/app.log')}
